<?xml version="1.0" encoding="UTF-8"?>
<!-- Generated by org.testng.reporters.JUnitXMLReporter -->
<testsuite ignored="3" hostname="Namitas-MacBook-Pro.local" failures="0" tests="6" name="Test" time="0.057" errors="0" timestamp="2023-01-22T15:37:51 GMT">
  <testcase classname="groupExecution.ThirdTest" name="Third2Test" time="0.008"/>
  <testcase classname="groupExecution.FirstTest" name="First1Test" time="0.001"/>
  <testcase classname="groupExecution.FirstTest" name="First2Test" time="0.001"/>
  <testcase classname="groupExecution.FirstTest" name="First3Test" time="0.001"/>
  <testcase classname="groupExecution.SecondTest" name="Second1Test" time="0.0"/>
  <testcase classname="groupExecution.SecondTest" name="Second2Test" time="0.001"/>
  <testcase classname="groupExecution.SecondTest" name="Second3Test" time="0.0">
    <ignored/>
  </testcase> <!-- Second3Test -->
  <testcase classname="groupExecution.ThirdTest" name="Third1Test" time="0.0">
    <ignored/>
  </testcase> <!-- Third1Test -->
  <testcase classname="groupExecution.ThirdTest" name="Third3Test" time="0.0">
    <ignored/>
  </testcase> <!-- Third3Test -->
</testsuite> <!-- Test -->
