<?xml version="1.0" encoding="UTF-8"?>
<testng-results ignored="0" total="1" passed="1" failed="0" skipped="0">
  <reporter-output>
  </reporter-output>
  <suite started-at="2023-01-22T18:57:34 GMT" name="Default suite" finished-at="2023-01-22T18:57:43 GMT" duration-ms="8617">
    <groups>
    </groups>
    <test started-at="2023-01-22T18:57:34 GMT" name="Default test" finished-at="2023-01-22T18:57:43 GMT" duration-ms="8617">
      <class name="SeleniumGrid.Practice1">
        <test-method signature="demo()[pri:0, instance:SeleniumGrid.Practice1@20d28811]" started-at="2023-01-22T18:57:34 GMT" name="demo" finished-at="2023-01-22T18:57:43 GMT" duration-ms="8584" status="PASS">
          <reporter-output>
          </reporter-output>
        </test-method> <!-- demo -->
      </class> <!-- SeleniumGrid.Practice1 -->
    </test> <!-- Default test -->
  </suite> <!-- Default suite -->
</testng-results>
